Traceback (most recent call last):
  File "src/main.py", line 5, in <module>
    from model import *
  File "/home/chentp6vu3jp6/kdd2018_pm2.5/src/model.py", line 6, in <module>
    from statsmodels.tsa.arima_model import ARIMA
ModuleNotFoundError: No module named 'statsmodels'
/home/chentp6vu3jp6/wayne/lib/python3.6/site-packages/statsmodels/compat/pandas.py:56: FutureWarning: The pandas.core.datetools module is deprecated and will be removed in a future version. Please use the pandas.tseries module instead.
  from pandas.core import datetools
/home/chentp6vu3jp6/wayne/lib/python3.6/site-packages/statsmodels/tsa/kalmanf/kalmanfilter.py:646: FutureWarning: Conversion of the second argument of issubdtype from `float` to `np.floating` is deprecated. In future, it will be treated as `np.float64 == np.dtype(float).type`.
  if issubdtype(paramsdtype, float):
/home/chentp6vu3jp6/wayne/lib/python3.6/site-packages/statsmodels/tsa/kalmanf/kalmanfilter.py:650: FutureWarning: Conversion of the second argument of issubdtype from `complex` to `np.complexfloating` is deprecated. In future, it will be treated as `np.complex128 == np.dtype(complex).type`.
  elif issubdtype(paramsdtype, complex):
/home/chentp6vu3jp6/wayne/lib/python3.6/site-packages/statsmodels/tsa/kalmanf/kalmanfilter.py:577: FutureWarning: Conversion of the second argument of issubdtype from `float` to `np.floating` is deprecated. In future, it will be treated as `np.float64 == np.dtype(float).type`.
  if issubdtype(paramsdtype, float):
/home/chentp6vu3jp6/wayne/lib/python3.6/site-packages/statsmodels/base/model.py:496: ConvergenceWarning: Maximum Likelihood optimization failed to converge. Check mle_retvals
  "Check mle_retvals", ConvergenceWarning)
/home/chentp6vu3jp6/wayne/lib/python3.6/site-packages/statsmodels/base/model.py:496: ConvergenceWarning: Maximum Likelihood optimization failed to converge. Check mle_retvals
  "Check mle_retvals", ConvergenceWarning)
/home/chentp6vu3jp6/wayne/lib/python3.6/site-packages/statsmodels/base/model.py:496: ConvergenceWarning: Maximum Likelihood optimization failed to converge. Check mle_retvals
  "Check mle_retvals", ConvergenceWarning)
/home/chentp6vu3jp6/wayne/lib/python3.6/site-packages/statsmodels/base/model.py:496: ConvergenceWarning: Maximum Likelihood optimization failed to converge. Check mle_retvals
  "Check mle_retvals", ConvergenceWarning)
/home/chentp6vu3jp6/wayne/lib/python3.6/site-packages/statsmodels/base/model.py:496: ConvergenceWarning: Maximum Likelihood optimization failed to converge. Check mle_retvals
  "Check mle_retvals", ConvergenceWarning)
/home/chentp6vu3jp6/wayne/lib/python3.6/site-packages/statsmodels/base/model.py:496: ConvergenceWarning: Maximum Likelihood optimization failed to converge. Check mle_retvals
  "Check mle_retvals", ConvergenceWarning)
/home/chentp6vu3jp6/wayne/lib/python3.6/site-packages/statsmodels/base/model.py:496: ConvergenceWarning: Maximum Likelihood optimization failed to converge. Check mle_retvals
  "Check mle_retvals", ConvergenceWarning)
/home/chentp6vu3jp6/wayne/lib/python3.6/site-packages/statsmodels/base/model.py:496: ConvergenceWarning: Maximum Likelihood optimization failed to converge. Check mle_retvals
  "Check mle_retvals", ConvergenceWarning)
/home/chentp6vu3jp6/wayne/lib/python3.6/site-packages/statsmodels/base/model.py:496: ConvergenceWarning: Maximum Likelihood optimization failed to converge. Check mle_retvals
  "Check mle_retvals", ConvergenceWarning)
/home/chentp6vu3jp6/wayne/lib/python3.6/site-packages/statsmodels/base/model.py:496: ConvergenceWarning: Maximum Likelihood optimization failed to converge. Check mle_retvals
  "Check mle_retvals", ConvergenceWarning)
/home/chentp6vu3jp6/wayne/lib/python3.6/site-packages/statsmodels/base/model.py:496: ConvergenceWarning: Maximum Likelihood optimization failed to converge. Check mle_retvals
  "Check mle_retvals", ConvergenceWarning)
/home/chentp6vu3jp6/wayne/lib/python3.6/site-packages/statsmodels/base/model.py:496: ConvergenceWarning: Maximum Likelihood optimization failed to converge. Check mle_retvals
  "Check mle_retvals", ConvergenceWarning)
/home/chentp6vu3jp6/wayne/lib/python3.6/site-packages/statsmodels/base/model.py:496: ConvergenceWarning: Maximum Likelihood optimization failed to converge. Check mle_retvals
  "Check mle_retvals", ConvergenceWarning)
/home/chentp6vu3jp6/wayne/lib/python3.6/site-packages/statsmodels/base/model.py:496: ConvergenceWarning: Maximum Likelihood optimization failed to converge. Check mle_retvals
  "Check mle_retvals", ConvergenceWarning)
/home/chentp6vu3jp6/wayne/lib/python3.6/site-packages/statsmodels/base/model.py:496: ConvergenceWarning: Maximum Likelihood optimization failed to converge. Check mle_retvals
  "Check mle_retvals", ConvergenceWarning)
/home/chentp6vu3jp6/wayne/lib/python3.6/site-packages/statsmodels/base/model.py:496: ConvergenceWarning: Maximum Likelihood optimization failed to converge. Check mle_retvals
  "Check mle_retvals", ConvergenceWarning)
/home/chentp6vu3jp6/wayne/lib/python3.6/site-packages/statsmodels/base/model.py:496: ConvergenceWarning: Maximum Likelihood optimization failed to converge. Check mle_retvals
  "Check mle_retvals", ConvergenceWarning)
/home/chentp6vu3jp6/wayne/lib/python3.6/site-packages/statsmodels/base/model.py:496: ConvergenceWarning: Maximum Likelihood optimization failed to converge. Check mle_retvals
  "Check mle_retvals", ConvergenceWarning)
/home/chentp6vu3jp6/wayne/lib/python3.6/site-packages/statsmodels/base/model.py:496: ConvergenceWarning: Maximum Likelihood optimization failed to converge. Check mle_retvals
  "Check mle_retvals", ConvergenceWarning)
/home/chentp6vu3jp6/wayne/lib/python3.6/site-packages/statsmodels/base/model.py:496: ConvergenceWarning: Maximum Likelihood optimization failed to converge. Check mle_retvals
  "Check mle_retvals", ConvergenceWarning)
/home/chentp6vu3jp6/wayne/lib/python3.6/site-packages/statsmodels/base/model.py:496: ConvergenceWarning: Maximum Likelihood optimization failed to converge. Check mle_retvals
  "Check mle_retvals", ConvergenceWarning)
/home/chentp6vu3jp6/wayne/lib/python3.6/site-packages/statsmodels/base/model.py:496: ConvergenceWarning: Maximum Likelihood optimization failed to converge. Check mle_retvals
  "Check mle_retvals", ConvergenceWarning)
/home/chentp6vu3jp6/wayne/lib/python3.6/site-packages/statsmodels/base/model.py:496: ConvergenceWarning: Maximum Likelihood optimization failed to converge. Check mle_retvals
  "Check mle_retvals", ConvergenceWarning)
/home/chentp6vu3jp6/wayne/lib/python3.6/site-packages/statsmodels/base/model.py:496: ConvergenceWarning: Maximum Likelihood optimization failed to converge. Check mle_retvals
  "Check mle_retvals", ConvergenceWarning)
/home/chentp6vu3jp6/wayne/lib/python3.6/site-packages/statsmodels/base/model.py:496: ConvergenceWarning: Maximum Likelihood optimization failed to converge. Check mle_retvals
  "Check mle_retvals", ConvergenceWarning)
/home/chentp6vu3jp6/wayne/lib/python3.6/site-packages/statsmodels/base/model.py:496: ConvergenceWarning: Maximum Likelihood optimization failed to converge. Check mle_retvals
  "Check mle_retvals", ConvergenceWarning)
/home/chentp6vu3jp6/wayne/lib/python3.6/site-packages/statsmodels/base/model.py:496: ConvergenceWarning: Maximum Likelihood optimization failed to converge. Check mle_retvals
  "Check mle_retvals", ConvergenceWarning)
/home/chentp6vu3jp6/wayne/lib/python3.6/site-packages/statsmodels/base/model.py:496: ConvergenceWarning: Maximum Likelihood optimization failed to converge. Check mle_retvals
  "Check mle_retvals", ConvergenceWarning)
/home/chentp6vu3jp6/wayne/lib/python3.6/site-packages/statsmodels/base/model.py:496: ConvergenceWarning: Maximum Likelihood optimization failed to converge. Check mle_retvals
  "Check mle_retvals", ConvergenceWarning)
/home/chentp6vu3jp6/wayne/lib/python3.6/site-packages/statsmodels/base/model.py:496: ConvergenceWarning: Maximum Likelihood optimization failed to converge. Check mle_retvals
  "Check mle_retvals", ConvergenceWarning)
/home/chentp6vu3jp6/wayne/lib/python3.6/site-packages/statsmodels/base/model.py:496: ConvergenceWarning: Maximum Likelihood optimization failed to converge. Check mle_retvals
  "Check mle_retvals", ConvergenceWarning)
/home/chentp6vu3jp6/wayne/lib/python3.6/site-packages/statsmodels/base/model.py:496: ConvergenceWarning: Maximum Likelihood optimization failed to converge. Check mle_retvals
  "Check mle_retvals", ConvergenceWarning)
/home/chentp6vu3jp6/wayne/lib/python3.6/site-packages/statsmodels/compat/pandas.py:56: FutureWarning: The pandas.core.datetools module is deprecated and will be removed in a future version. Please use the pandas.tseries module instead.
  from pandas.core import datetools
/home/chentp6vu3jp6/wayne/lib/python3.6/site-packages/statsmodels/tsa/kalmanf/kalmanfilter.py:646: FutureWarning: Conversion of the second argument of issubdtype from `float` to `np.floating` is deprecated. In future, it will be treated as `np.float64 == np.dtype(float).type`.
  if issubdtype(paramsdtype, float):
/home/chentp6vu3jp6/wayne/lib/python3.6/site-packages/statsmodels/tsa/kalmanf/kalmanfilter.py:650: FutureWarning: Conversion of the second argument of issubdtype from `complex` to `np.complexfloating` is deprecated. In future, it will be treated as `np.complex128 == np.dtype(complex).type`.
  elif issubdtype(paramsdtype, complex):
/home/chentp6vu3jp6/wayne/lib/python3.6/site-packages/statsmodels/tsa/kalmanf/kalmanfilter.py:577: FutureWarning: Conversion of the second argument of issubdtype from `float` to `np.floating` is deprecated. In future, it will be treated as `np.float64 == np.dtype(float).type`.
  if issubdtype(paramsdtype, float):
/home/chentp6vu3jp6/wayne/lib/python3.6/site-packages/statsmodels/base/model.py:496: ConvergenceWarning: Maximum Likelihood optimization failed to converge. Check mle_retvals
  "Check mle_retvals", ConvergenceWarning)
/home/chentp6vu3jp6/wayne/lib/python3.6/site-packages/statsmodels/base/model.py:496: ConvergenceWarning: Maximum Likelihood optimization failed to converge. Check mle_retvals
  "Check mle_retvals", ConvergenceWarning)
/home/chentp6vu3jp6/wayne/lib/python3.6/site-packages/statsmodels/base/model.py:496: ConvergenceWarning: Maximum Likelihood optimization failed to converge. Check mle_retvals
  "Check mle_retvals", ConvergenceWarning)
/home/chentp6vu3jp6/wayne/lib/python3.6/site-packages/statsmodels/base/model.py:496: ConvergenceWarning: Maximum Likelihood optimization failed to converge. Check mle_retvals
  "Check mle_retvals", ConvergenceWarning)
/home/chentp6vu3jp6/wayne/lib/python3.6/site-packages/statsmodels/base/model.py:496: ConvergenceWarning: Maximum Likelihood optimization failed to converge. Check mle_retvals
  "Check mle_retvals", ConvergenceWarning)
/home/chentp6vu3jp6/wayne/lib/python3.6/site-packages/statsmodels/base/model.py:496: ConvergenceWarning: Maximum Likelihood optimization failed to converge. Check mle_retvals
  "Check mle_retvals", ConvergenceWarning)
/home/chentp6vu3jp6/wayne/lib/python3.6/site-packages/statsmodels/base/model.py:496: ConvergenceWarning: Maximum Likelihood optimization failed to converge. Check mle_retvals
  "Check mle_retvals", ConvergenceWarning)
/home/chentp6vu3jp6/wayne/lib/python3.6/site-packages/statsmodels/base/model.py:496: ConvergenceWarning: Maximum Likelihood optimization failed to converge. Check mle_retvals
  "Check mle_retvals", ConvergenceWarning)
/home/chentp6vu3jp6/wayne/lib/python3.6/site-packages/statsmodels/base/model.py:496: ConvergenceWarning: Maximum Likelihood optimization failed to converge. Check mle_retvals
  "Check mle_retvals", ConvergenceWarning)
/home/chentp6vu3jp6/wayne/lib/python3.6/site-packages/statsmodels/base/model.py:496: ConvergenceWarning: Maximum Likelihood optimization failed to converge. Check mle_retvals
  "Check mle_retvals", ConvergenceWarning)
/home/chentp6vu3jp6/wayne/lib/python3.6/site-packages/statsmodels/base/model.py:496: ConvergenceWarning: Maximum Likelihood optimization failed to converge. Check mle_retvals
  "Check mle_retvals", ConvergenceWarning)
/home/chentp6vu3jp6/wayne/lib/python3.6/site-packages/statsmodels/base/model.py:496: ConvergenceWarning: Maximum Likelihood optimization failed to converge. Check mle_retvals
  "Check mle_retvals", ConvergenceWarning)
/home/chentp6vu3jp6/wayne/lib/python3.6/site-packages/statsmodels/base/model.py:496: ConvergenceWarning: Maximum Likelihood optimization failed to converge. Check mle_retvals
  "Check mle_retvals", ConvergenceWarning)
/home/chentp6vu3jp6/wayne/lib/python3.6/site-packages/statsmodels/base/model.py:496: ConvergenceWarning: Maximum Likelihood optimization failed to converge. Check mle_retvals
  "Check mle_retvals", ConvergenceWarning)
/home/chentp6vu3jp6/wayne/lib/python3.6/site-packages/statsmodels/base/model.py:496: ConvergenceWarning: Maximum Likelihood optimization failed to converge. Check mle_retvals
  "Check mle_retvals", ConvergenceWarning)
/home/chentp6vu3jp6/wayne/lib/python3.6/site-packages/statsmodels/base/model.py:496: ConvergenceWarning: Maximum Likelihood optimization failed to converge. Check mle_retvals
  "Check mle_retvals", ConvergenceWarning)
/home/chentp6vu3jp6/wayne/lib/python3.6/site-packages/statsmodels/base/model.py:496: ConvergenceWarning: Maximum Likelihood optimization failed to converge. Check mle_retvals
  "Check mle_retvals", ConvergenceWarning)
/home/chentp6vu3jp6/wayne/lib/python3.6/site-packages/statsmodels/base/model.py:496: ConvergenceWarning: Maximum Likelihood optimization failed to converge. Check mle_retvals
  "Check mle_retvals", ConvergenceWarning)
/home/chentp6vu3jp6/wayne/lib/python3.6/site-packages/statsmodels/base/model.py:496: ConvergenceWarning: Maximum Likelihood optimization failed to converge. Check mle_retvals
  "Check mle_retvals", ConvergenceWarning)
/home/chentp6vu3jp6/wayne/lib/python3.6/site-packages/statsmodels/base/model.py:496: ConvergenceWarning: Maximum Likelihood optimization failed to converge. Check mle_retvals
  "Check mle_retvals", ConvergenceWarning)
/home/chentp6vu3jp6/wayne/lib/python3.6/site-packages/statsmodels/base/model.py:496: ConvergenceWarning: Maximum Likelihood optimization failed to converge. Check mle_retvals
  "Check mle_retvals", ConvergenceWarning)
/home/chentp6vu3jp6/wayne/lib/python3.6/site-packages/statsmodels/base/model.py:496: ConvergenceWarning: Maximum Likelihood optimization failed to converge. Check mle_retvals
  "Check mle_retvals", ConvergenceWarning)
/home/chentp6vu3jp6/wayne/lib/python3.6/site-packages/statsmodels/base/model.py:496: ConvergenceWarning: Maximum Likelihood optimization failed to converge. Check mle_retvals
  "Check mle_retvals", ConvergenceWarning)
/home/chentp6vu3jp6/wayne/lib/python3.6/site-packages/statsmodels/base/model.py:496: ConvergenceWarning: Maximum Likelihood optimization failed to converge. Check mle_retvals
  "Check mle_retvals", ConvergenceWarning)
/home/chentp6vu3jp6/wayne/lib/python3.6/site-packages/statsmodels/base/model.py:496: ConvergenceWarning: Maximum Likelihood optimization failed to converge. Check mle_retvals
  "Check mle_retvals", ConvergenceWarning)
/home/chentp6vu3jp6/wayne/lib/python3.6/site-packages/statsmodels/base/model.py:496: ConvergenceWarning: Maximum Likelihood optimization failed to converge. Check mle_retvals
  "Check mle_retvals", ConvergenceWarning)
/home/chentp6vu3jp6/wayne/lib/python3.6/site-packages/statsmodels/base/model.py:496: ConvergenceWarning: Maximum Likelihood optimization failed to converge. Check mle_retvals
  "Check mle_retvals", ConvergenceWarning)
/home/chentp6vu3jp6/wayne/lib/python3.6/site-packages/statsmodels/base/model.py:496: ConvergenceWarning: Maximum Likelihood optimization failed to converge. Check mle_retvals
  "Check mle_retvals", ConvergenceWarning)
/home/chentp6vu3jp6/wayne/lib/python3.6/site-packages/statsmodels/base/model.py:496: ConvergenceWarning: Maximum Likelihood optimization failed to converge. Check mle_retvals
  "Check mle_retvals", ConvergenceWarning)
/home/chentp6vu3jp6/wayne/lib/python3.6/site-packages/statsmodels/base/model.py:496: ConvergenceWarning: Maximum Likelihood optimization failed to converge. Check mle_retvals
  "Check mle_retvals", ConvergenceWarning)
/home/chentp6vu3jp6/wayne/lib/python3.6/site-packages/statsmodels/base/model.py:496: ConvergenceWarning: Maximum Likelihood optimization failed to converge. Check mle_retvals
  "Check mle_retvals", ConvergenceWarning)
/home/chentp6vu3jp6/wayne/lib/python3.6/site-packages/statsmodels/base/model.py:496: ConvergenceWarning: Maximum Likelihood optimization failed to converge. Check mle_retvals
  "Check mle_retvals", ConvergenceWarning)
test             : False
train            : True
use_cuda         : False
meta_dir         : meta
model_dir        : model
data_dir         : data
train_path       : data/train.csv
test_path        : data/test.csv
decoder_type     : seq
optimizer_type   : sgd
criterion_type   : mse
input_length     : 72
output_length    : 48
hidden_dim       : 16
valid_ratio      : 0.2
tfr              : 0.8
epochs           : 16
log_interval     : 10
save_interval    : 100
134352
94213
stationId    False
utc_time     False
PM2.5         True
PM10          True
NO2           True
CO            True
O3            True
SO2           True
year         False
quarter      False
month        False
week         False
weekday      False
date         False
day          False
hour         False
area         False
dtype: bool
stationId    False
utc_time     False
PM2.5        False
PM10         False
NO2          False
CO           False
O3           False
SO2          False
year         False
quarter      False
month        False
week         False
weekday      False
date         False
day          False
hour         False
area         False
dtype: bool
0
